This file contains any messages produced by compilers while
running configure, to aid debugging if configure makes a mistake.

It was created by GNU C Library configure (see version.h), which was
generated by GNU Autoconf 2.69.  Invocation command line was

  $ configure 

## --------- ##
## Platform. ##
## --------- ##

hostname = JimClark-PC
uname -m = i686
uname -r = 1.0.18(0.48/3/2)
uname -s = MINGW32_NT-6.1
uname -v = 2012-11-21 22:34

/usr/bin/uname -p = unknown
/bin/uname -X     = unknown

/bin/arch              = unknown
/usr/bin/arch -k       = unknown
/usr/convex/getsysinfo = unknown
/usr/bin/hostinfo      = unknown
/bin/machine           = unknown
/usr/bin/oslevel       = unknown
/bin/universe          = unknown

PATH: /c/MinGW/bin
PATH: /c/Program Files/NVIDIA GPU Computing Toolkit/CUDA/v7.0/bin
PATH: /c/Program Files/NVIDIA GPU Computing Toolkit/CUDA/v7.0/libnvvp
PATH: /c/Program Files (x86)/ActiveState Komodo Edit 8/
PATH: /c/ProgramData/Oracle/Java/javapath
PATH: /c/Windows/system32
PATH: /c/Windows
PATH: /c/Windows/System32/Wbem
PATH: /c/Windows/System32/WindowsPowerShell/v1.0/
PATH: /c/Program Files/Microsoft Windows Performance Toolkit/
PATH: /c/Program Files (x86)/GNU/GnuPG/pub
PATH: /c/Program Files (x86)/MySQL/MySQL Utilities 1.4.3/
PATH: /c/Program Files (x86)/MySQL/MySQL Utilities 1.4.3/Doctrine extensions for PHP/
PATH: /c/Program Files (x86)/SMLNJ/bin/
PATH: /c/Program Files/7-Zip
PATH: /c/Program Files (x86)/QuickTime/QTSystem/
PATH: /c/Program Files (x86)/GtkSharp/2.12/bin
PATH: /c/Program Files/Microsoft SQL Server/110/Tools/Binn/
PATH: /c/Program Files (x86)/Microsoft SDKs/TypeScript/1.0/
PATH: /c/Program Files/Microsoft SQL Server/120/Tools/Binn/
PATH: /c/Windows/System32/WindowsPowerShell/v1.0/
PATH: /c/Program Files (x86)/Shoes
PATH: /c/Program Files (x86)/Common Files/lenovo/easyplussdk/bin
PATH: /c/Program Files (x86)/Windows Kits/8.1/Windows Performance Toolkit/
PATH: /c/WINDOWS/system32
PATH: /c/WINDOWS
PATH: /c/Program Files (x86)/NVIDIA Corporation/PhysX/Common
PATH: /c/Program Files (x86)/Skype/Phone/
PATH: /c/Program Files/Microsoft/Web Platform Installer/
PATH: /c/Program Files/doxygen/bin
PATH: /c/Program Files/Mozart/bin
PATH: /c/Program Files/SlikSvn/bin
PATH: /c/Program Files/TortoiseSVN/bin
PATH: /c/Ruby193/bin
PATH: /c/Ruby21-x64/bin
PATH: /c/ProgramData/chocolatey/bin
PATH: /c/Users/JimClark/Downloads/exercism-windows-64bit
PATH: /c/Program Files (x86)/CMake/bin
PATH: /usr/bin/
PATH: /c/MinGW/bin/
PATH: /c/WINDOWS/system32
PATH:  C
PATH: /WINDOWS


## ----------- ##
## Core tests. ##
## ----------- ##

configure:2323: error: cannot find install-sh, install.sh, or shtool in scripts "."/scripts

## ---------------- ##
## Cache variables. ##
## ---------------- ##

ac_cv_env_build_alias_set=
ac_cv_env_build_alias_value=
ac_cv_env_CC_set=
ac_cv_env_CC_value=
ac_cv_env_CCC_set=
ac_cv_env_CCC_value=
ac_cv_env_CFLAGS_set=
ac_cv_env_CFLAGS_value=
ac_cv_env_CPP_set=
ac_cv_env_CPP_value=
ac_cv_env_CPPFLAGS_set=
ac_cv_env_CPPFLAGS_value=
ac_cv_env_CXX_set=
ac_cv_env_CXX_value=
ac_cv_env_CXXFLAGS_set=
ac_cv_env_CXXFLAGS_value=
ac_cv_env_host_alias_set=
ac_cv_env_host_alias_value=
ac_cv_env_LDFLAGS_set=
ac_cv_env_LDFLAGS_value=
ac_cv_env_LIBS_set=
ac_cv_env_LIBS_value=
ac_cv_env_target_alias_set=
ac_cv_env_target_alias_value=

## ----------------- ##
## Output variables. ##
## ----------------- ##

ac_ct_CC=''
ac_ct_CXX=''
add_on_subdirs=''
add_ons=''
all_warnings=''
AR=''
AS=''
ASFLAGS_config=''
AUTOCONF=''
AWK=''
base_machine=''
BASH_SHELL=''
bindir='${exec_prefix}/bin'
bindnow=''
BISON=''
build_alias=''
BUILD_CC=''
build_cpu=''
build_nscd=''
build_os=''
build_pt_chown=''
build_vendor=''
build=''
CC=''
CFLAGS=''
CPP=''
CPPFLAGS=''
CPPUNDEFS=''
cross_compiling='no'
CXX_SYSINCLUDES=''
CXX=''
CXXFLAGS=''
datadir='${datarootdir}'
datarootdir='${prefix}/share'
DEFINES=''
DEFS=''
docdir='${datarootdir}/doc/${PACKAGE_TARNAME}'
dvidir='${docdir}'
ECHO_C=''
ECHO_N='-n'
ECHO_T=''
enable_lock_elision=''
enable_werror=''
exceptions=''
exec_prefix='NONE'
fno_unit_at_a_time=''
force_install=''
gnu89_inline=''
hardcoded_path_in_tests=''
have_libaudit=''
have_libcap=''
have_selinux=''
host_alias=''
host_cpu=''
host_os=''
host_vendor=''
host=''
htmldir='${docdir}'
includedir='${prefix}/include'
infodir='${datarootdir}/info'
INSTALL_DATA=''
INSTALL_INFO=''
INSTALL_PROGRAM=''
INSTALL_SCRIPT=''
LD=''
ldd_rewrite_script=''
LDFLAGS=''
libc_cv_Bgroup=''
libc_cv_cc_loop_to_function=''
libc_cv_cc_nofma=''
libc_cv_cc_submachine=''
libc_cv_cc_with_libunwind=''
libc_cv_forced_unwind=''
libc_cv_fpie=''
libc_cv_gcc_static_libgcc=''
libc_cv_gcc_unwind_find_fde=''
libc_cv_hashstyle=''
libc_cv_localedir=''
libc_cv_localstatedir=''
libc_cv_nss_crypt=''
libc_cv_output_format=''
libc_cv_pic_default=''
libc_cv_pie_default=''
libc_cv_protected_data=''
libc_cv_rootsbindir=''
libc_cv_rtlddir=''
libc_cv_slibdir=''
libc_cv_ssp=''
libc_cv_sysconfdir=''
libc_cv_z_combreloc=''
libc_cv_z_execstack=''
libc_extra_cflags=''
libc_extra_cppflags=''
libdir='${exec_prefix}/lib'
libexecdir='${exec_prefix}/libexec'
LIBGD=''
LIBOBJS=''
LIBS=''
link_obsolete_rpc=''
LN_S=''
localedir='${datarootdir}/locale'
localstatedir='${prefix}/var'
LTLIBOBJS=''
mach_interface_list=''
MAKE=''
MAKEINFO=''
mandir='${datarootdir}/man'
MSGFMT=''
multi_arch=''
NM=''
OBJCOPY=''
OBJDUMP=''
OBJEXT=''
old_glibc_headers=''
oldincludedir='/usr/include'
PACKAGE_BUGREPORT='http://sourceware.org/bugzilla/'
PACKAGE_NAME='GNU C Library'
PACKAGE_STRING='GNU C Library (see version.h)'
PACKAGE_TARNAME='glibc'
PACKAGE_URL='http://www.gnu.org/software/glibc/'
PACKAGE_VERSION='(see version.h)'
PATH_SEPARATOR=':'
pdfdir='${docdir}'
PERL=''
PKGVERSION_TEXI=''
PKGVERSION=''
prefix='NONE'
profile=''
program_transform_name='s,x,x,'
psdir='${docdir}'
READELF=''
RELEASE=''
REPORT_BUGS_TEXI=''
REPORT_BUGS_TO=''
sbindir='${exec_prefix}/sbin'
SED=''
shared=''
sharedstatedir='${prefix}/com'
SHELL='/bin/sh'
sizeof_long_double=''
static_nss=''
static=''
subdirs=''
submachine=''
sysconfdir='${prefix}/etc'
sysdeps_add_ons=''
sysheaders=''
SYSINCLUDES=''
sysnames=''
target_alias=''
use_default_link=''
use_ldconfig=''
use_nscd=''
VERSION=''
with_fp=''

## ----------- ##
## confdefs.h. ##
## ----------- ##

/* confdefs.h */
#define PACKAGE_NAME "GNU C Library"
#define PACKAGE_TARNAME "glibc"
#define PACKAGE_VERSION "(see version.h)"
#define PACKAGE_STRING "GNU C Library (see version.h)"
#define PACKAGE_BUGREPORT "http://sourceware.org/bugzilla/"
#define PACKAGE_URL "http://www.gnu.org/software/glibc/"

configure: exit 1
